<?xml version="1.0" encoding="UTF-8"?>
<!-- Generated by org.testng.reporters.JUnitReportReporter -->
<testsuite skipped="0" hostname="WKWIN3666752" name="Practice.SAmples.NewTest" tests="1" failures="0" timestamp="2019-12-17T13:42:50 IST" time="0.234" errors="0">
  <testcase name="f" time="0.234" classname="Practice.SAmples.NewTest"/>
</testsuite> <!-- Practice.SAmples.NewTest -->
